0 info it worked if it ends with ok
1 verbose cli [ '/home/neo/.meteor/packages/meteor-tool/.1.4.1_2.354htk++os.linux.x86_64+web.browser+web.cordova/mt-os.linux.x86_64/dev_bundle/bin/node',
1 verbose cli   '/home/neo/.meteor/packages/meteor-tool/.1.4.1_2.354htk++os.linux.x86_64+web.browser+web.cordova/mt-os.linux.x86_64/dev_bundle/bin/npm',
1 verbose cli   'install',
1 verbose cli   'compression' ]
2 info using npm@3.10.8
3 info using node@v4.6.0
4 silly loadCurrentTree Starting
5 silly install loadCurrentTree
6 silly install readLocalPackageData
7 silly fetchPackageMetaData compression
8 silly fetchNamedPackageData compression
9 silly mapToRegistry name compression
10 silly mapToRegistry using default registry
11 silly mapToRegistry registry https://registry.npmjs.org/
12 silly mapToRegistry data Result {
12 silly mapToRegistry   raw: 'compression',
12 silly mapToRegistry   scope: null,
12 silly mapToRegistry   escapedName: 'compression',
12 silly mapToRegistry   name: 'compression',
12 silly mapToRegistry   rawSpec: '',
12 silly mapToRegistry   spec: 'latest',
12 silly mapToRegistry   type: 'tag' }
13 silly mapToRegistry uri https://registry.npmjs.org/compression
14 verbose request uri https://registry.npmjs.org/compression
15 verbose request no auth needed
16 info attempt registry request try #1 at 01:52:10
17 verbose request id 850915d8bbd03864
18 http request GET https://registry.npmjs.org/compression
19 info retry will retry, error on last attempt: Error: getaddrinfo ENOTFOUND registry.npmjs.org registry.npmjs.org:443
20 info attempt registry request try #2 at 01:52:20
21 http request GET https://registry.npmjs.org/compression
22 info retry will retry, error on last attempt: Error: getaddrinfo ENOTFOUND registry.npmjs.org registry.npmjs.org:443
23 info attempt registry request try #3 at 01:53:20
24 http request GET https://registry.npmjs.org/compression
25 silly fetchPackageMetaData Error: getaddrinfo ENOTFOUND registry.npmjs.org registry.npmjs.org:443
25 silly fetchPackageMetaData     at errnoException (dns.js:27:10)
25 silly fetchPackageMetaData     at GetAddrInfoReqWrap.onlookup [as oncomplete] (dns.js:78:26)
25 silly fetchPackageMetaData  error for compression { [Error: getaddrinfo ENOTFOUND registry.npmjs.org registry.npmjs.org:443]
25 silly fetchPackageMetaData   code: 'ENOTFOUND',
25 silly fetchPackageMetaData   errno: 'ENOTFOUND',
25 silly fetchPackageMetaData   syscall: 'getaddrinfo',
25 silly fetchPackageMetaData   hostname: 'registry.npmjs.org',
25 silly fetchPackageMetaData   host: 'registry.npmjs.org',
25 silly fetchPackageMetaData   port: 443 }
26 silly rollbackFailedOptional Starting
27 silly rollbackFailedOptional Finishing
28 silly runTopLevelLifecycles Finishing
29 silly install printInstalled
30 verbose stack Error: getaddrinfo ENOTFOUND registry.npmjs.org registry.npmjs.org:443
30 verbose stack     at errnoException (dns.js:27:10)
30 verbose stack     at GetAddrInfoReqWrap.onlookup [as oncomplete] (dns.js:78:26)
31 verbose cwd /home/neo/WebstormProjects/doc-stream
32 error Linux 3.16.0-4-amd64
33 error argv "/home/neo/.meteor/packages/meteor-tool/.1.4.1_2.354htk++os.linux.x86_64+web.browser+web.cordova/mt-os.linux.x86_64/dev_bundle/bin/node" "/home/neo/.meteor/packages/meteor-tool/.1.4.1_2.354htk++os.linux.x86_64+web.browser+web.cordova/mt-os.linux.x86_64/dev_bundle/bin/npm" "install" "compression"
34 error node v4.6.0
35 error npm  v3.10.8
36 error code ENOTFOUND
37 error errno ENOTFOUND
38 error syscall getaddrinfo
39 error network getaddrinfo ENOTFOUND registry.npmjs.org registry.npmjs.org:443
40 error network This is most likely not a problem with npm itself
40 error network and is related to network connectivity.
40 error network In most cases you are behind a proxy or have bad network settings.
40 error network
40 error network If you are behind a proxy, please make sure that the
40 error network 'proxy' config is set properly.  See: 'npm help config'
41 verbose exit [ 1, true ]
